[sec-fawn.vercel.app/index.html]
[backblue.gif]
[fade.gif]
[index.html]
[cdn.jsdelivr.net/npm/bootstrap@5.3.0/dist/css/bootstrap.min.css]
[cdnjs.cloudflare.com/ajax/libs/animate.css/4.1.1/animate.min.css]
[sec-fawn.vercel.app/index-2.html]
[sec-fawn.vercel.app/letter.html]
[sec-fawn.vercel.app/memories.html]
[sec-fawn.vercel.app/ending.html]
[cdnjs.cloudflare.com/ajax/libs/gsap/3.12.2/gsap.min.js]
[sec-fawn.vercel.app/index.html]
[cdn.jsdelivr.net/npm/bootstrap@5.3.0/dist/css/bootstrap.min.css]
[cdnjs.cloudflare.com/ajax/libs/animate.css/4.1.1/animate.min.css]
[sec-fawn.vercel.app/index-2.html]
[cdn.jsdelivr.net/npm/bootstrap@5.3.0/dist/js/bootstrap.bundle.min.js]
[sec-fawn.vercel.app/media/letter/flower.png]
[sec-fawn.vercel.app/letter.html]
[sec-fawn.vercel.app/media/memo/amr.png]
[sec-fawn.vercel.app/media/memo/amr.mp3]
[sec-fawn.vercel.app/media/memo/1.jpeg]
[sec-fawn.vercel.app/media/memo/2.jpeg]
[sec-fawn.vercel.app/media/memo/3.jpeg]
[sec-fawn.vercel.app/media/memo/4.jpeg]
[sec-fawn.vercel.app/media/memo/5.jpeg]
[sec-fawn.vercel.app/memories.html]
[sec-fawn.vercel.app/ending.html]
